<?xml version="1.0" encoding="UTF-8"?>
<testsuite xmlns:xsi="http://www.w3.org/2001/XMLSchema-instance" xsi:noNamespaceSchemaLocation="https://maven.apache.org/surefire/maven-surefire-plugin/xsd/surefire-test-report.xsd" name="Runner.auto.org.automation_runner" time="15.483" tests="2" errors="2" skipped="0" failures="0">
  <properties>
[...]
</properties>
  <testcase name="Purchasing Casual Dresses #1" classname="Purchasing Dresses In Automation Site" time="7.326">
    <error message="Error communicating with the remote browser. It may have died.&#10;Build info: version: &apos;4.4.0&apos;, revision: &apos;e5c75ed026a&apos;&#10;System info: host: &apos;PC&apos;, ip: &apos;192.168.43.229&apos;, os.name: &apos;Windows 8.1&apos;, os.arch: &apos;amd64&apos;, os.version: &apos;6.3&apos;, java.version: &apos;1.8.0_301&apos;&#10;Driver info: org.openqa.selenium.chrome.ChromeDriver&#10;Command: [172e3f481733a43a702cd231f3fa6c11, findElement {using=xpath, value=//input[@id=&apos;email&apos;]}]&#10;Capabilities {acceptInsecureCerts: false, browserName: chrome, browserVersion: 106.0.5249.91, chrome: {chromedriverVersion: 106.0.5249.61 (511755355844..., userDataDir: C:\Users\pcs\AppData\Local\...}, goog:chromeOptions: {debuggerAddress: localhost:49511}, networkConnectionEnabled: false, pageLoadStrategy: normal, platformName: WINDOWS, proxy: Proxy(), se:cdp: ws://localhost:49511/devtoo..., se:cdpVersion: 106.0.5249.91, setWindowRect: true, strictFileInteractability: false, timeouts: {implicit: 0, pageLoad: 300000, script: 30000}, unhandledPromptBehavior: dismiss and notify, webauthn:extension:credBlob: true, webauthn:extension:largeBlob: true, webauthn:virtualAuthenticators: true}&#10;Session ID: 172e3f481733a43a702cd231f3fa6c11" type="org.openqa.selenium.remote.UnreachableBrowserException">org.openqa.selenium.remote.UnreachableBrowserException: 
Error communicating with the remote browser. It may have died.
Build info: version: '4.4.0', revision: 'e5c75ed026a'
System info: host: 'PC', ip: '192.168.43.229', os.name: 'Windows 8.1', os.arch: 'amd64', os.version: '6.3', java.version: '1.8.0_301'
Driver info: org.openqa.selenium.chrome.ChromeDriver
Command: [172e3f481733a43a702cd231f3fa6c11, findElement {using=xpath, value=//input[@id='email']}]
Capabilities {acceptInsecureCerts: false, browserName: chrome, browserVersion: 106.0.5249.91, chrome: {chromedriverVersion: 106.0.5249.61 (511755355844..., userDataDir: C:\Users\pcs\AppData\Local\...}, goog:chromeOptions: {debuggerAddress: localhost:49511}, networkConnectionEnabled: false, pageLoadStrategy: normal, platformName: WINDOWS, proxy: Proxy(), se:cdp: ws://localhost:49511/devtoo..., se:cdpVersion: 106.0.5249.91, setWindowRect: true, strictFileInteractability: false, timeouts: {implicit: 0, pageLoad: 300000, script: 30000}, unhandledPromptBehavior: dismiss and notify, webauthn:extension:credBlob: true, webauthn:extension:largeBlob: true, webauthn:virtualAuthenticators: true}
Session ID: 172e3f481733a43a702cd231f3fa6c11
Caused by: java.io.UncheckedIOException: java.io.IOException: An existing connection was forcibly closed by the remote host
Caused by: java.io.IOException: An existing connection was forcibly closed by the remote host
</error>
    <system-err><![CDATA[SLF4J: Failed to load class "org.slf4j.impl.StaticLoggerBinder".
SLF4J: Defaulting to no-operation (NOP) logger implementation
SLF4J: See http://www.slf4j.org/codes.html#StaticLoggerBinder for further details.
log4j:WARN No appenders could be found for logger (io.netty.util.internal.logging.InternalLoggerFactory).
log4j:WARN Please initialize the log4j system properly.
log4j:WARN See http://logging.apache.org/log4j/1.2/faq.html#noconfig for more info.
Starting ChromeDriver 106.0.5249.61 (511755355844955cd3e264779baf0dd38212a4d0-refs/branch-heads/5249@{#569}) on port 49352
Only local connections are allowed.
Please see https://chromedriver.chromium.org/security-considerations for suggestions on keeping ChromeDriver safe.
ChromeDriver was started successfully.
Oct 10, 2022 12:13:38 PM org.openqa.selenium.remote.ProtocolHandshake createSession
INFO: Detected upstream dialect: W3C
Oct 10, 2022 12:13:38 PM org.openqa.selenium.devtools.CdpVersionFinder findNearestMatch
WARNING: Unable to find an exact match for CDP version 106, so returning the closest version found: 104
Oct 10, 2022 12:13:38 PM org.openqa.selenium.devtools.CdpVersionFinder findNearestMatch
INFO: Found CDP implementation for version 106 of 104
]]></system-err>
  </testcase>
  <testcase name="Purchasing Casual Dresses #2" classname="Purchasing Dresses In Automation Site" time="2.063">
    <error message="Error communicating with the remote browser. It may have died.&#10;Build info: version: &apos;4.4.0&apos;, revision: &apos;e5c75ed026a&apos;&#10;System info: host: &apos;PC&apos;, ip: &apos;192.168.43.229&apos;, os.name: &apos;Windows 8.1&apos;, os.arch: &apos;amd64&apos;, os.version: &apos;6.3&apos;, java.version: &apos;1.8.0_301&apos;&#10;Driver info: org.openqa.selenium.chrome.ChromeDriver&#10;Command: [172e3f481733a43a702cd231f3fa6c11, findElement {using=xpath, value=(//a[text()=&apos;Dresses&apos;])[2]}]&#10;Capabilities {acceptInsecureCerts: false, browserName: chrome, browserVersion: 106.0.5249.91, chrome: {chromedriverVersion: 106.0.5249.61 (511755355844..., userDataDir: C:\Users\pcs\AppData\Local\...}, goog:chromeOptions: {debuggerAddress: localhost:49511}, networkConnectionEnabled: false, pageLoadStrategy: normal, platformName: WINDOWS, proxy: Proxy(), se:cdp: ws://localhost:49511/devtoo..., se:cdpVersion: 106.0.5249.91, setWindowRect: true, strictFileInteractability: false, timeouts: {implicit: 0, pageLoad: 300000, script: 30000}, unhandledPromptBehavior: dismiss and notify, webauthn:extension:credBlob: true, webauthn:extension:largeBlob: true, webauthn:virtualAuthenticators: true}&#10;Session ID: 172e3f481733a43a702cd231f3fa6c11" type="org.openqa.selenium.remote.UnreachableBrowserException">org.openqa.selenium.remote.UnreachableBrowserException: 
Error communicating with the remote browser. It may have died.
Build info: version: '4.4.0', revision: 'e5c75ed026a'
System info: host: 'PC', ip: '192.168.43.229', os.name: 'Windows 8.1', os.arch: 'amd64', os.version: '6.3', java.version: '1.8.0_301'
Driver info: org.openqa.selenium.chrome.ChromeDriver
Command: [172e3f481733a43a702cd231f3fa6c11, findElement {using=xpath, value=(//a[text()='Dresses'])[2]}]
Capabilities {acceptInsecureCerts: false, browserName: chrome, browserVersion: 106.0.5249.91, chrome: {chromedriverVersion: 106.0.5249.61 (511755355844..., userDataDir: C:\Users\pcs\AppData\Local\...}, goog:chromeOptions: {debuggerAddress: localhost:49511}, networkConnectionEnabled: false, pageLoadStrategy: normal, platformName: WINDOWS, proxy: Proxy(), se:cdp: ws://localhost:49511/devtoo..., se:cdpVersion: 106.0.5249.91, setWindowRect: true, strictFileInteractability: false, timeouts: {implicit: 0, pageLoad: 300000, script: 30000}, unhandledPromptBehavior: dismiss and notify, webauthn:extension:credBlob: true, webauthn:extension:largeBlob: true, webauthn:virtualAuthenticators: true}
Session ID: 172e3f481733a43a702cd231f3fa6c11
Caused by: java.io.UncheckedIOException: java.net.ConnectException: Connection refused: no further information: localhost/0:0:0:0:0:0:0:1:49352
Caused by: java.net.ConnectException: Connection refused: no further information: localhost/0:0:0:0:0:0:0:1:49352
Caused by: io.netty.channel.AbstractChannel$AnnotatedConnectException: Connection refused: no further information: localhost/0:0:0:0:0:0:0:1:49352
Caused by: java.net.ConnectException: Connection refused: no further information
</error>
  </testcase>
</testsuite>